[2017-04-06 15:36:55] ERROR main Controller:getEventUUIDList:151 - org.exite.RestExAPI.RestExAPIEcxeption
[2017-04-06 15:36:55] ERROR main Controller:getEventUUIDList:151 - org.exite.RestExAPI.RestExAPIEcxeption
[2017-04-06 15:36:55] ERROR main Controller:confirmEdoDoc:104 - org.exite.RestExAPI.RestExAPIEcxeption
[2017-04-06 15:36:55] ERROR main Controller:confirmEdoDoc:104 - org.exite.RestExAPI.RestExAPIEcxeption
[2017-04-06 15:36:59] ERROR main Controller:confirmEdoDoc:104 - org.exite.RestExAPI.RestExAPIEcxeption: Invalid combination of body's GUID and GUID in request!
[2017-04-06 15:36:59] ERROR main Controller:confirmEdoDoc:104 - org.exite.RestExAPI.RestExAPIEcxeption: Invalid combination of body's GUID and GUID in request!
[2017-04-06 15:41:15]  INFO main Connector:test:54 - DP_PDOTPR_2LDA54C1385-F10E-41D0-959A-FBEBBFF0B718_2LD_20170404_07c5ab9b-dc4a-4410-9618-fb602042755c.xml
[2017-04-06 15:41:15]  INFO main Connector:test:54 - DP_PDOTPR_2LDA54C1385-F10E-41D0-959A-FBEBBFF0B718_2LD_20170404_07c5ab9b-dc4a-4410-9618-fb602042755c.xml
[2017-04-06 15:41:15]  INFO main Connector:test:54 - DP_PDOTPR_2LDA54C1385-F10E-41D0-959A-FBEBBFF0B718_2LD_20170404_07c5ab9b-dc4a-4410-9618-fb602042755c.bin
[2017-04-06 15:41:15]  INFO main Connector:test:54 - DP_PDOTPR_2LDA54C1385-F10E-41D0-959A-FBEBBFF0B718_2LD_20170404_07c5ab9b-dc4a-4410-9618-fb602042755c.bin
[2017-04-06 15:41:15]  INFO main Connector:test:54 - DP_PDOTPR_2LDA54C1385-F10E-41D0-959A-FBEBBFF0B718_2LD_20170405_9e6d1d24-6c16-4bf7-82c8-68bef7ae2851.xml
[2017-04-06 15:41:15]  INFO main Connector:test:54 - DP_PDOTPR_2LDA54C1385-F10E-41D0-959A-FBEBBFF0B718_2LD_20170405_9e6d1d24-6c16-4bf7-82c8-68bef7ae2851.xml
[2017-04-06 15:41:15]  INFO main Connector:test:54 - DP_PDOTPR_2LDA54C1385-F10E-41D0-959A-FBEBBFF0B718_2LD_20170405_8b4b05d8-6a19-421f-b35c-ab4afc921e48.xml
[2017-04-06 15:41:15]  INFO main Connector:test:54 - DP_PDOTPR_2LDA54C1385-F10E-41D0-959A-FBEBBFF0B718_2LD_20170405_8b4b05d8-6a19-421f-b35c-ab4afc921e48.xml
[2017-04-06 15:41:15]  INFO main Connector:test:54 - DP_PDOTPR_2LDA54C1385-F10E-41D0-959A-FBEBBFF0B718_2LD_20170405_9e6d1d24-6c16-4bf7-82c8-68bef7ae2851.bin
[2017-04-06 15:41:15]  INFO main Connector:test:54 - DP_PDOTPR_2LDA54C1385-F10E-41D0-959A-FBEBBFF0B718_2LD_20170405_9e6d1d24-6c16-4bf7-82c8-68bef7ae2851.bin
[2017-04-06 15:41:15]  INFO main Connector:test:54 - DP_PDOTPR_2LDA54C1385-F10E-41D0-959A-FBEBBFF0B718_2LD_20170405_8b4b05d8-6a19-421f-b35c-ab4afc921e48.bin
[2017-04-06 15:41:15]  INFO main Connector:test:54 - DP_PDOTPR_2LDA54C1385-F10E-41D0-959A-FBEBBFF0B718_2LD_20170405_8b4b05d8-6a19-421f-b35c-ab4afc921e48.bin
[2017-04-06 15:41:15]  INFO main Connector:test:54 - DP_PDOTPR_2LD4895F2EF-9733-4ACB-A486-E394E0BBA6EB_2LD_20170405_cff81e2f-9593-47c4-8196-111a6101d81c.xml
[2017-04-06 15:41:15]  INFO main Connector:test:54 - DP_PDOTPR_2LD4895F2EF-9733-4ACB-A486-E394E0BBA6EB_2LD_20170405_cff81e2f-9593-47c4-8196-111a6101d81c.xml
[2017-04-06 15:41:15]  INFO main Connector:test:54 - DP_PDOTPR_2LD4895F2EF-9733-4ACB-A486-E394E0BBA6EB_2LD_20170405_cff81e2f-9593-47c4-8196-111a6101d81c.bin
[2017-04-06 15:41:15]  INFO main Connector:test:54 - DP_PDOTPR_2LD4895F2EF-9733-4ACB-A486-E394E0BBA6EB_2LD_20170405_cff81e2f-9593-47c4-8196-111a6101d81c.bin
[2017-04-06 15:41:15]  INFO main Connector:test:54 - DP_PDOTPR_2LD4895F2EF-9733-4ACB-A486-E394E0BBA6EB_2LD_20170405_d0966655-a743-48bb-9820-9ff38db9fa35.xml
[2017-04-06 15:41:15]  INFO main Connector:test:54 - DP_PDOTPR_2LD4895F2EF-9733-4ACB-A486-E394E0BBA6EB_2LD_20170405_d0966655-a743-48bb-9820-9ff38db9fa35.xml
[2017-04-06 15:41:15]  INFO main Connector:test:54 - DP_PDOTPR_2LD4895F2EF-9733-4ACB-A486-E394E0BBA6EB_2LD_20170405_d0966655-a743-48bb-9820-9ff38db9fa35.bin
[2017-04-06 15:41:15]  INFO main Connector:test:54 - DP_PDOTPR_2LD4895F2EF-9733-4ACB-A486-E394E0BBA6EB_2LD_20170405_d0966655-a743-48bb-9820-9ff38db9fa35.bin
[2017-04-06 15:41:15]  INFO main Connector:test:54 - DP_PDOTPR_2LD4895F2EF-9733-4ACB-A486-E394E0BBA6EB_2LD_20170405_7e9ea8a5-4947-44fd-b33b-0ddc9f32c34d.xml
[2017-04-06 15:41:15]  INFO main Connector:test:54 - DP_PDOTPR_2LD4895F2EF-9733-4ACB-A486-E394E0BBA6EB_2LD_20170405_7e9ea8a5-4947-44fd-b33b-0ddc9f32c34d.xml
[2017-04-06 15:41:15]  INFO main Connector:test:54 - DP_PDOTPR_2LD4895F2EF-9733-4ACB-A486-E394E0BBA6EB_2LD_20170405_7e9ea8a5-4947-44fd-b33b-0ddc9f32c34d.bin
[2017-04-06 15:41:15]  INFO main Connector:test:54 - DP_PDOTPR_2LD4895F2EF-9733-4ACB-A486-E394E0BBA6EB_2LD_20170405_7e9ea8a5-4947-44fd-b33b-0ddc9f32c34d.bin
[2017-04-06 15:41:15]  INFO main Connector:test:54 - DP_PDOTPR_2LD4895F2EF-9733-4ACB-A486-E394E0BBA6EB_2LD_20170405_83c992af-2657-4f41-b836-2f069b301828.xml
[2017-04-06 15:41:15]  INFO main Connector:test:54 - DP_PDOTPR_2LD4895F2EF-9733-4ACB-A486-E394E0BBA6EB_2LD_20170405_83c992af-2657-4f41-b836-2f069b301828.xml
[2017-04-06 15:41:15]  INFO main Connector:test:54 - DP_PDOTPR_2LD4895F2EF-9733-4ACB-A486-E394E0BBA6EB_2LD_20170405_83c992af-2657-4f41-b836-2f069b301828.bin
[2017-04-06 15:41:15]  INFO main Connector:test:54 - DP_PDOTPR_2LD4895F2EF-9733-4ACB-A486-E394E0BBA6EB_2LD_20170405_83c992af-2657-4f41-b836-2f069b301828.bin
[2017-04-06 15:42:22]  INFO main Connector:test:54 - 0a3d070c-1030-4f08-ace7-e0c270a0cc8a
[2017-04-06 15:42:22]  INFO main Connector:test:54 - 0a3d070c-1030-4f08-ace7-e0c270a0cc8a
[2017-04-06 15:42:22]  INFO main Connector:test:54 - 25ff587e-abe4-4339-b9b4-9b562b380221
[2017-04-06 15:42:22]  INFO main Connector:test:54 - 25ff587e-abe4-4339-b9b4-9b562b380221
[2017-04-06 15:42:22]  INFO main Connector:test:54 - 91499ad9-c0c8-4348-b183-50fb875a9700
[2017-04-06 15:42:22]  INFO main Connector:test:54 - 91499ad9-c0c8-4348-b183-50fb875a9700
[2017-04-06 15:42:22]  INFO main Connector:test:54 - a7595f4f-4c4d-4bec-a71c-6bd7f6b808cf
[2017-04-06 15:42:22]  INFO main Connector:test:54 - a7595f4f-4c4d-4bec-a71c-6bd7f6b808cf
[2017-04-06 15:42:22]  INFO main Connector:test:54 - ef491b58-f676-4a03-a3e4-78d39793d760
[2017-04-06 15:42:22]  INFO main Connector:test:54 - ef491b58-f676-4a03-a3e4-78d39793d760
[2017-04-06 15:42:22]  INFO main Connector:test:54 - d02a6dd8-2279-4b01-91f4-bc06a22b9a12
[2017-04-06 15:42:22]  INFO main Connector:test:54 - d02a6dd8-2279-4b01-91f4-bc06a22b9a12
[2017-04-06 15:42:22]  INFO main Connector:test:54 - 3b97c7fc-cd3a-4d07-a343-0781741a4f4a
[2017-04-06 15:42:22]  INFO main Connector:test:54 - 3b97c7fc-cd3a-4d07-a343-0781741a4f4a
[2017-04-06 15:42:22]  INFO main Connector:test:54 - 2e11d840-8508-4556-ad93-2917d6957986
[2017-04-06 15:42:22]  INFO main Connector:test:54 - 2e11d840-8508-4556-ad93-2917d6957986
[2017-04-06 15:42:22]  INFO main Connector:test:54 - dd46d6d8-6c5c-434f-bda2-b1b1e0c0ef77
[2017-04-06 15:42:22]  INFO main Connector:test:54 - dd46d6d8-6c5c-434f-bda2-b1b1e0c0ef77
[2017-04-06 15:42:22]  INFO main Connector:test:54 - fd59d19a-2921-4e6d-b688-03b6f51196bf
[2017-04-06 15:42:22]  INFO main Connector:test:54 - fd59d19a-2921-4e6d-b688-03b6f51196bf
[2017-04-06 15:42:22]  INFO main Connector:test:54 - bc3f8b8f-9237-44b7-8ff5-2539f0507168
[2017-04-06 15:42:22]  INFO main Connector:test:54 - bc3f8b8f-9237-44b7-8ff5-2539f0507168
[2017-04-06 15:42:22]  INFO main Connector:test:54 - 7758ed56-5509-4e97-9af6-6ef78c0879f3
[2017-04-06 15:42:22]  INFO main Connector:test:54 - 7758ed56-5509-4e97-9af6-6ef78c0879f3
[2017-04-06 15:42:22]  INFO main Connector:test:54 - 4a4a1547-66d1-46ba-b916-e5903f5b529b
[2017-04-06 15:42:22]  INFO main Connector:test:54 - 4a4a1547-66d1-46ba-b916-e5903f5b529b
[2017-04-06 15:42:22]  INFO main Connector:test:54 - 1fcc2f99-29e0-41a6-93ea-0aaae380d28b
[2017-04-06 15:42:22]  INFO main Connector:test:54 - 1fcc2f99-29e0-41a6-93ea-0aaae380d28b
[2017-04-06 15:42:22]  INFO main Connector:test:54 - cff81e2f-9593-47c4-8196-111a6101d81c
[2017-04-06 15:42:22]  INFO main Connector:test:54 - cff81e2f-9593-47c4-8196-111a6101d81c
[2017-04-06 15:42:22]  INFO main Connector:test:54 - 4246b45b-65fc-4070-9837-c77edcad9872
[2017-04-06 15:42:22]  INFO main Connector:test:54 - 4246b45b-65fc-4070-9837-c77edcad9872
[2017-04-06 15:42:22]  INFO main Connector:test:54 - d0966655-a743-48bb-9820-9ff38db9fa35
[2017-04-06 15:42:22]  INFO main Connector:test:54 - d0966655-a743-48bb-9820-9ff38db9fa35
[2017-04-06 15:48:11] ERROR main Controller:getEventUUIDList:151 - org.exite.RestExAPI.RestExAPIEcxeption
[2017-04-06 15:48:11] ERROR main Controller:getEventUUIDList:151 - org.exite.RestExAPI.RestExAPIEcxeption
[2017-04-06 15:48:11]  INFO main Connector:test:54 - 0a3d070c-1030-4f08-ace7-e0c270a0cc8a
[2017-04-06 15:48:11]  INFO main Connector:test:54 - 0a3d070c-1030-4f08-ace7-e0c270a0cc8a
[2017-04-06 15:48:11]  INFO main Connector:test:54 - 25ff587e-abe4-4339-b9b4-9b562b380221
[2017-04-06 15:48:11]  INFO main Connector:test:54 - 25ff587e-abe4-4339-b9b4-9b562b380221
[2017-04-06 15:48:11]  INFO main Connector:test:54 - 91499ad9-c0c8-4348-b183-50fb875a9700
[2017-04-06 15:48:11]  INFO main Connector:test:54 - 91499ad9-c0c8-4348-b183-50fb875a9700
[2017-04-06 15:48:11]  INFO main Connector:test:54 - a7595f4f-4c4d-4bec-a71c-6bd7f6b808cf
[2017-04-06 15:48:11]  INFO main Connector:test:54 - a7595f4f-4c4d-4bec-a71c-6bd7f6b808cf
[2017-04-06 15:48:11]  INFO main Connector:test:54 - ef491b58-f676-4a03-a3e4-78d39793d760
[2017-04-06 15:48:11]  INFO main Connector:test:54 - ef491b58-f676-4a03-a3e4-78d39793d760
[2017-04-06 15:48:11]  INFO main Connector:test:54 - d02a6dd8-2279-4b01-91f4-bc06a22b9a12
[2017-04-06 15:48:11]  INFO main Connector:test:54 - d02a6dd8-2279-4b01-91f4-bc06a22b9a12
[2017-04-06 15:48:11]  INFO main Connector:test:54 - 3b97c7fc-cd3a-4d07-a343-0781741a4f4a
[2017-04-06 15:48:11]  INFO main Connector:test:54 - 3b97c7fc-cd3a-4d07-a343-0781741a4f4a
[2017-04-06 15:48:11]  INFO main Connector:test:54 - 2e11d840-8508-4556-ad93-2917d6957986
[2017-04-06 15:48:11]  INFO main Connector:test:54 - 2e11d840-8508-4556-ad93-2917d6957986
[2017-04-06 15:48:11]  INFO main Connector:test:54 - dd46d6d8-6c5c-434f-bda2-b1b1e0c0ef77
[2017-04-06 15:48:11]  INFO main Connector:test:54 - dd46d6d8-6c5c-434f-bda2-b1b1e0c0ef77
[2017-04-06 15:48:11]  INFO main Connector:test:54 - fd59d19a-2921-4e6d-b688-03b6f51196bf
[2017-04-06 15:48:11]  INFO main Connector:test:54 - fd59d19a-2921-4e6d-b688-03b6f51196bf
[2017-04-06 15:48:11]  INFO main Connector:test:54 - bc3f8b8f-9237-44b7-8ff5-2539f0507168
[2017-04-06 15:48:11]  INFO main Connector:test:54 - bc3f8b8f-9237-44b7-8ff5-2539f0507168
[2017-04-06 15:48:11]  INFO main Connector:test:54 - 7758ed56-5509-4e97-9af6-6ef78c0879f3
[2017-04-06 15:48:11]  INFO main Connector:test:54 - 7758ed56-5509-4e97-9af6-6ef78c0879f3
[2017-04-06 15:48:11]  INFO main Connector:test:54 - 4a4a1547-66d1-46ba-b916-e5903f5b529b
[2017-04-06 15:48:11]  INFO main Connector:test:54 - 4a4a1547-66d1-46ba-b916-e5903f5b529b
[2017-04-06 15:48:11]  INFO main Connector:test:54 - 1fcc2f99-29e0-41a6-93ea-0aaae380d28b
[2017-04-06 15:48:11]  INFO main Connector:test:54 - 1fcc2f99-29e0-41a6-93ea-0aaae380d28b
[2017-04-06 15:53:07]  INFO main Connector:test:54 - 0a3d070c-1030-4f08-ace7-e0c270a0cc8a
[2017-04-06 15:53:07]  INFO main Connector:test:54 - 25ff587e-abe4-4339-b9b4-9b562b380221
[2017-04-06 15:53:07]  INFO main Connector:test:54 - 91499ad9-c0c8-4348-b183-50fb875a9700
[2017-04-06 15:53:07]  INFO main Connector:test:54 - a7595f4f-4c4d-4bec-a71c-6bd7f6b808cf
[2017-04-06 15:53:07]  INFO main Connector:test:54 - ef491b58-f676-4a03-a3e4-78d39793d760
[2017-04-06 15:53:07]  INFO main Connector:test:54 - d02a6dd8-2279-4b01-91f4-bc06a22b9a12
[2017-04-06 15:53:07]  INFO main Connector:test:54 - 3b97c7fc-cd3a-4d07-a343-0781741a4f4a
[2017-04-06 15:53:07]  INFO main Connector:test:54 - 2e11d840-8508-4556-ad93-2917d6957986
[2017-04-06 15:53:07]  INFO main Connector:test:54 - dd46d6d8-6c5c-434f-bda2-b1b1e0c0ef77
[2017-04-06 15:53:07]  INFO main Connector:test:54 - fd59d19a-2921-4e6d-b688-03b6f51196bf
[2017-04-06 15:53:07]  INFO main Connector:test:54 - bc3f8b8f-9237-44b7-8ff5-2539f0507168
[2017-04-06 15:53:07]  INFO main Connector:test:54 - 7758ed56-5509-4e97-9af6-6ef78c0879f3
[2017-04-06 15:53:07]  INFO main Connector:test:54 - 4a4a1547-66d1-46ba-b916-e5903f5b529b
[2017-04-06 15:53:07]  INFO main Connector:test:54 - 1fcc2f99-29e0-41a6-93ea-0aaae380d28b
[2017-04-06 15:53:07]  INFO main Connector:test:54 - cff81e2f-9593-47c4-8196-111a6101d81c
[2017-04-06 15:53:07]  INFO main Connector:test:54 - 4246b45b-65fc-4070-9837-c77edcad9872
[2017-04-06 15:53:07]  INFO main Connector:test:54 - d0966655-a743-48bb-9820-9ff38db9fa35
[2017-04-06 15:53:07]  INFO main Connector:<init>:49 - end
[2017-04-06 15:54:00]  INFO main Connector:<init>:32 - start
[2017-04-06 15:54:27] ERROR main Controller:getEventUUIDList:151 - org.exite.RestExAPI.RestExAPIEcxeption
[2017-04-06 15:54:27]  INFO main Connector:test:54 - 0a3d070c-1030-4f08-ace7-e0c270a0cc8a
[2017-04-06 15:54:27]  INFO main Connector:test:54 - 25ff587e-abe4-4339-b9b4-9b562b380221
[2017-04-06 15:54:27]  INFO main Connector:test:54 - 91499ad9-c0c8-4348-b183-50fb875a9700
[2017-04-06 15:54:27]  INFO main Connector:test:54 - a7595f4f-4c4d-4bec-a71c-6bd7f6b808cf
[2017-04-06 15:54:27]  INFO main Connector:test:54 - ef491b58-f676-4a03-a3e4-78d39793d760
[2017-04-06 15:54:27]  INFO main Connector:test:54 - d02a6dd8-2279-4b01-91f4-bc06a22b9a12
[2017-04-06 15:54:27]  INFO main Connector:test:54 - 3b97c7fc-cd3a-4d07-a343-0781741a4f4a
[2017-04-06 15:54:27]  INFO main Connector:test:54 - 2e11d840-8508-4556-ad93-2917d6957986
[2017-04-06 15:54:27]  INFO main Connector:test:54 - dd46d6d8-6c5c-434f-bda2-b1b1e0c0ef77
[2017-04-06 15:54:27]  INFO main Connector:<init>:49 - end
[2017-04-06 15:55:40]  INFO main Connector:<init>:32 - start
[2017-04-06 15:56:14]  INFO main Connector:test:54 - 0a3d070c-1030-4f08-ace7-e0c270a0cc8a
[2017-04-06 15:56:14]  INFO main Connector:test:54 - 25ff587e-abe4-4339-b9b4-9b562b380221
[2017-04-06 15:56:14]  INFO main Connector:test:54 - 91499ad9-c0c8-4348-b183-50fb875a9700
[2017-04-06 15:56:14]  INFO main Connector:test:54 - a7595f4f-4c4d-4bec-a71c-6bd7f6b808cf
[2017-04-06 15:56:14]  INFO main Connector:test:54 - ef491b58-f676-4a03-a3e4-78d39793d760
[2017-04-06 15:56:14]  INFO main Connector:test:54 - d02a6dd8-2279-4b01-91f4-bc06a22b9a12
[2017-04-06 15:56:14]  INFO main Connector:test:54 - 3b97c7fc-cd3a-4d07-a343-0781741a4f4a
[2017-04-06 15:56:14]  INFO main Connector:test:54 - 2e11d840-8508-4556-ad93-2917d6957986
[2017-04-06 15:56:14]  INFO main Connector:test:54 - dd46d6d8-6c5c-434f-bda2-b1b1e0c0ef77
[2017-04-06 15:56:14]  INFO main Connector:test:54 - fd59d19a-2921-4e6d-b688-03b6f51196bf
[2017-04-06 15:56:14]  INFO main Connector:test:54 - bc3f8b8f-9237-44b7-8ff5-2539f0507168
[2017-04-06 15:56:14]  INFO main Connector:test:54 - 7758ed56-5509-4e97-9af6-6ef78c0879f3
[2017-04-06 15:56:14]  INFO main Connector:test:54 - 4a4a1547-66d1-46ba-b916-e5903f5b529b
[2017-04-06 15:56:14]  INFO main Connector:test:54 - 1fcc2f99-29e0-41a6-93ea-0aaae380d28b
[2017-04-06 15:56:14]  INFO main Connector:test:54 - cff81e2f-9593-47c4-8196-111a6101d81c
[2017-04-06 15:56:14]  INFO main Connector:test:54 - 4246b45b-65fc-4070-9837-c77edcad9872
[2017-04-06 15:56:14]  INFO main Connector:test:54 - d0966655-a743-48bb-9820-9ff38db9fa35
[2017-04-06 15:56:14]  INFO main Connector:<init>:49 - end
[2017-04-06 15:56:38]  INFO main Connector:<init>:32 - start
[2017-04-06 15:56:50]  INFO main Connector:test:54 - 1fcc2f99-29e0-41a6-93ea-0aaae380d28b
[2017-04-06 15:56:50]  INFO main Connector:test:54 - cff81e2f-9593-47c4-8196-111a6101d81c
[2017-04-06 15:56:50]  INFO main Connector:test:54 - 4246b45b-65fc-4070-9837-c77edcad9872
[2017-04-06 15:56:50]  INFO main Connector:test:54 - d0966655-a743-48bb-9820-9ff38db9fa35
[2017-04-06 15:56:50]  INFO main Connector:<init>:49 - end
[2017-04-06 15:58:03]  INFO main Connector:<init>:32 - start
[2017-04-06 15:58:20] ERROR main Controller:confirmEdoDoc:104 - Invalid combination of body's GUID and GUID in request!
[2017-04-06 15:58:25] ERROR main Controller:confirmEdoDoc:104 - Invalid combination of body's GUID and GUID in request!
[2017-04-06 15:58:30] ERROR main Controller:confirmEdoDoc:104 - Invalid combination of body's GUID and GUID in request!
[2017-04-06 15:58:35] ERROR main Controller:confirmEdoDoc:104 - Invalid combination of body's GUID and GUID in request!
[2017-04-06 15:58:35]  INFO main Connector:<init>:49 - end
[2017-04-06 16:00:03]  INFO main Connector:<init>:32 - start
[2017-04-06 16:00:15]  INFO main Connector:test:55 - 1fcc2f99-29e0-41a6-93ea-0aaae380d28b
[2017-04-06 16:00:15]  INFO main Connector:test:55 - cff81e2f-9593-47c4-8196-111a6101d81c
[2017-04-06 16:00:15]  INFO main Connector:test:55 - 4246b45b-65fc-4070-9837-c77edcad9872
[2017-04-06 16:00:15]  INFO main Connector:test:55 - d0966655-a743-48bb-9820-9ff38db9fa35
[2017-04-06 16:00:15]  INFO main Connector:<init>:49 - end
[2017-04-06 16:02:18]  INFO main Connector:<init>:32 - start
[2017-04-06 16:02:29]  INFO main Connector:test:55 - 1fcc2f99-29e0-41a6-93ea-0aaae380d28b
[2017-04-06 16:02:29]  INFO main Connector:test:55 - cff81e2f-9593-47c4-8196-111a6101d81c
[2017-04-06 16:02:29]  INFO main Connector:test:55 - 4246b45b-65fc-4070-9837-c77edcad9872
[2017-04-06 16:02:29]  INFO main Connector:test:55 - d0966655-a743-48bb-9820-9ff38db9fa35
[2017-04-06 16:02:29]  INFO main Connector:<init>:49 - end
[2017-04-06 16:02:57]  INFO main Connector:<init>:32 - start
[2017-04-06 16:03:13] ERROR main Controller:confirmEdoDoc:110 - Invalid combination of body's GUID and GUID in request!
[2017-04-06 16:03:18] ERROR main Controller:confirmEdoDoc:110 - Invalid combination of body's GUID and GUID in request!
[2017-04-06 16:03:23] ERROR main Controller:confirmEdoDoc:110 - Invalid combination of body's GUID and GUID in request!
[2017-04-06 16:03:26] ERROR main Controller:confirmEdoDoc:110 - Invalid combination of body's GUID and GUID in request!
[2017-04-06 16:03:26]  INFO main Connector:<init>:49 - end
[2017-04-06 16:08:55]  INFO main Connector:<init>:32 - start
[2017-04-06 16:09:02] ERROR main Controller:getEventUUIDList:157 - 
[2017-04-06 16:09:02]  INFO main Connector:<init>:49 - end
[2017-04-06 16:09:21]  INFO main Connector:<init>:32 - start
[2017-04-06 16:09:37]  INFO main Controller:confirmEdoDoc:106 - [1fcc2f99-29e0-41a6-93ea-0aaae380d28b] confirmed .
[2017-04-06 16:09:43]  INFO main Controller:confirmEdoDoc:106 - [cff81e2f-9593-47c4-8196-111a6101d81c] confirmed .
[2017-04-06 16:09:49]  INFO main Controller:confirmEdoDoc:106 - [4246b45b-65fc-4070-9837-c77edcad9872] confirmed .
[2017-04-06 16:09:54]  INFO main Controller:confirmEdoDoc:106 - [d0966655-a743-48bb-9820-9ff38db9fa35] confirmed .
[2017-04-06 16:09:54]  INFO main Connector:<init>:49 - end
[2017-04-06 16:13:38]  INFO main Connector:<init>:33 - start
[2017-04-06 16:13:44] ERROR main Connector:test:57 - fuckin' shit
[2017-04-06 16:59:46]  INFO main Connector:<init>:33 - start
[2017-04-06 16:59:53]  INFO main Controller:removeSoapDoc:59 - [DP_IAKTPRM_2LDA54C1385-F10E-41D0-959A-FBEBBFF0B718_2LD61AA1AC6-A350-406C-B342-4F6BDD8828F9_20170323_a7b0a88a-0d08-47c8-bf42-1444cedeedf9.xml] removed .
[2017-04-06 16:59:53]  INFO main Controller:removeSoapDoc:59 - [DP_IAKTPRM_2LDA54C1385-F10E-41D0-959A-FBEBBFF0B718_2LD61AA1AC6-A350-406C-B342-4F6BDD8828F9_20170323_a7b0a88a-0d08-47c8-bf42-1444cedeedf9.bin] removed .
[2017-04-06 16:59:53]  INFO main Controller:removeSoapDoc:59 - [DP_IAKTPRM_2LDA54C1385-F10E-41D0-959A-FBEBBFF0B718_2LD61AA1AC6-A350-406C-B342-4F6BDD8828F9_20170324_74D435C1-E657-1ED7-848A-1A41B61D0BDB.xml] removed .
[2017-04-06 16:59:54]  INFO main Controller:removeSoapDoc:59 - [DP_IAKTPRM_2LDA54C1385-F10E-41D0-959A-FBEBBFF0B718_2LD61AA1AC6-A350-406C-B342-4F6BDD8828F9_20170324_74D435C1-E657-1ED7-848A-1A41B61D0BDB.bin] removed .
[2017-04-06 16:59:54]  INFO main Controller:removeSoapDoc:59 - [DP_IAKTPRM_2LDA54C1385-F10E-41D0-959A-FBEBBFF0B718_2LD61AA1AC6-A350-406C-B342-4F6BDD8828F9_20170406_6662a0a8-86ad-4c56-b218-6e061e3d0147.xml] removed .
[2017-04-06 16:59:54]  INFO main Controller:removeSoapDoc:59 - [DP_IAKTPRM_2LDA54C1385-F10E-41D0-959A-FBEBBFF0B718_2LD61AA1AC6-A350-406C-B342-4F6BDD8828F9_20170406_6662a0a8-86ad-4c56-b218-6e061e3d0147.bin] removed .
[2017-04-06 16:59:54]  INFO main Connector:<init>:50 - end
[2017-04-06 17:02:34]  INFO main Connector:<init>:33 - start
[2017-04-06 17:02:57]  INFO main Controller:confirmEdoDoc:100 - [5400ed4d-0185-4909-8f29-73248125ea3d] confirmed .
[2017-04-06 17:02:58]  INFO main Controller:removeSoapDoc:59 - [DP_PDOTPR_2LD4895F2EF-9733-4ACB-A486-E394E0BBA6EB_2LD_20170406_5400ed4d-0185-4909-8f29-73248125ea3d.xml] removed .
[2017-04-06 17:02:59]  INFO main Controller:removeSoapDoc:59 - [DP_PDOTPR_2LD4895F2EF-9733-4ACB-A486-E394E0BBA6EB_2LD_20170406_5400ed4d-0185-4909-8f29-73248125ea3d.bin] removed .
[2017-04-06 17:03:03]  INFO main Controller:confirmEdoDoc:100 - [a9810b02-1b2b-4e41-a956-b2e2657cef5c] confirmed .
[2017-04-06 17:03:04]  INFO main Controller:removeSoapDoc:59 - [DP_PDOTPR_2LD4895F2EF-9733-4ACB-A486-E394E0BBA6EB_2LD_20170406_a9810b02-1b2b-4e41-a956-b2e2657cef5c.xml] removed .
[2017-04-06 17:03:04]  INFO main Controller:removeSoapDoc:59 - [DP_PDOTPR_2LD4895F2EF-9733-4ACB-A486-E394E0BBA6EB_2LD_20170406_a9810b02-1b2b-4e41-a956-b2e2657cef5c.bin] removed .
[2017-04-06 17:03:10]  INFO main Controller:confirmEdoDoc:100 - [51f287aa-f6a7-421f-9a0f-67be80ebf910] confirmed .
[2017-04-06 17:03:11]  INFO main Controller:removeSoapDoc:59 - [ON_SFAKT_2LD4895F2EF-9733-4ACB-A486-E394E0BBA6EB_2LD61AA1AC6-A350-406C-B342-4F6BDD8828F9_20170406_51f287aa-f6a7-421f-9a0f-67be80ebf910.xml] removed .
[2017-04-06 17:03:12]  INFO main Controller:removeSoapDoc:59 - [ON_SFAKT_2LD4895F2EF-9733-4ACB-A486-E394E0BBA6EB_2LD61AA1AC6-A350-406C-B342-4F6BDD8828F9_20170406_51f287aa-f6a7-421f-9a0f-67be80ebf910.bin] removed .
[2017-04-06 17:03:13]  INFO main Controller:sendSoapDoc:72 - [sfakt_51f287aa-f6a7-421f-9a0f-67be80ebf910.xml] send .
[2017-04-06 17:03:18]  INFO main Controller:confirmEdoDoc:100 - [e956dedf-f536-4292-9536-ed4844732992] confirmed .
[2017-04-06 17:03:19]  INFO main Controller:removeSoapDoc:59 - [ON_KORSFAKT_2LD4895F2EF-9733-4ACB-A486-E394E0BBA6EB_2LD61AA1AC6-A350-406C-B342-4F6BDD8828F9_20170406_e956dedf-f536-4292-9536-ed4844732992.xml] removed .
[2017-04-06 17:03:20]  INFO main Controller:removeSoapDoc:59 - [ON_KORSFAKT_2LD4895F2EF-9733-4ACB-A486-E394E0BBA6EB_2LD61AA1AC6-A350-406C-B342-4F6BDD8828F9_20170406_e956dedf-f536-4292-9536-ed4844732992.bin] removed .
[2017-04-06 17:03:22]  INFO main Controller:sendSoapDoc:72 - [korsfakt_e956dedf-f536-4292-9536-ed4844732992.xml] send .
[2017-04-06 17:03:29]  INFO main Controller:confirmEdoDoc:100 - [7a2a8f8a-832c-44fb-a15a-4c7ed52b1f8b] confirmed .
[2017-04-06 17:03:30]  INFO main Controller:removeSoapDoc:59 - [DP_PDOTPR_2LD4895F2EF-9733-4ACB-A486-E394E0BBA6EB_2LD_20170406_7a2a8f8a-832c-44fb-a15a-4c7ed52b1f8b.xml] removed .
[2017-04-06 17:03:31]  INFO main Controller:removeSoapDoc:59 - [DP_PDOTPR_2LD4895F2EF-9733-4ACB-A486-E394E0BBA6EB_2LD_20170406_7a2a8f8a-832c-44fb-a15a-4c7ed52b1f8b.bin] removed .
[2017-04-06 17:03:36]  INFO main Controller:confirmEdoDoc:100 - [12344c42-8fd9-46a7-abbd-03305b6626e7] confirmed .
[2017-04-06 17:03:37]  INFO main Controller:removeSoapDoc:59 - [DP_PDOTPR_2LD4895F2EF-9733-4ACB-A486-E394E0BBA6EB_2LD_20170406_12344c42-8fd9-46a7-abbd-03305b6626e7.xml] removed .
[2017-04-06 17:03:37]  INFO main Controller:removeSoapDoc:59 - [DP_PDOTPR_2LD4895F2EF-9733-4ACB-A486-E394E0BBA6EB_2LD_20170406_12344c42-8fd9-46a7-abbd-03305b6626e7.bin] removed .
[2017-04-06 17:03:38]  INFO main Connector:<init>:50 - end
[2017-04-06 17:13:10]  INFO main Connector:<init>:33 - start
[2017-04-06 17:13:27] ERROR main Controller:getEventUUIDList:151 - no data found
[2017-04-06 17:13:31] ERROR main Controller:confirmEdoDoc:104 - Document has already sent or error has occurred!
[2017-04-06 17:13:33] ERROR main Controller:confirmEdoDoc:104 - Document has already sent or error has occurred!
[2017-04-06 17:13:33]  INFO main Connector:<init>:50 - end
[2017-04-06 17:14:26]  INFO main Connector:<init>:33 - start
[2017-04-06 17:14:51]  INFO main Controller:confirmEdoDoc:100 - [6c5255e9-0929-4eb4-af62-8986a47c0fe9] confirmed .
[2017-04-06 17:14:52]  INFO main Controller:removeSoapDoc:59 - [DP_PDOTPR_2LD4895F2EF-9733-4ACB-A486-E394E0BBA6EB_2LD_20170406_6c5255e9-0929-4eb4-af62-8986a47c0fe9.xml] removed .
[2017-04-06 17:14:52]  INFO main Controller:removeSoapDoc:59 - [DP_PDOTPR_2LD4895F2EF-9733-4ACB-A486-E394E0BBA6EB_2LD_20170406_6c5255e9-0929-4eb4-af62-8986a47c0fe9.bin] removed .
[2017-04-06 17:14:58]  INFO main Controller:confirmEdoDoc:100 - [5e3a1e56-6d37-4d90-ad51-46c172a234f7] confirmed .
[2017-04-06 17:14:59]  INFO main Controller:removeSoapDoc:59 - [DP_PDOTPR_2LD4895F2EF-9733-4ACB-A486-E394E0BBA6EB_2LD_20170406_5e3a1e56-6d37-4d90-ad51-46c172a234f7.xml] removed .
[2017-04-06 17:14:59]  INFO main Controller:removeSoapDoc:59 - [DP_PDOTPR_2LD4895F2EF-9733-4ACB-A486-E394E0BBA6EB_2LD_20170406_5e3a1e56-6d37-4d90-ad51-46c172a234f7.bin] removed .
[2017-04-06 17:14:59]  INFO main Connector:<init>:50 - end
